<?xml version="1.0" encoding="UTF-8"?>
<testng-results ignored="0" total="1" passed="1" failed="0" skipped="0">
  <reporter-output>
    <line>
      <![CDATA[Successfully Launched Chrome Browser]]>
    </line>
    <line>
      <![CDATA[Enter valid Browser name]]>
    </line>
    <line>
      <![CDATA[Browser window is maximized successfully]]>
    </line>
  </reporter-output>
  <suite started-at="2022-10-14T10:55:51 IST" name="Default suite" finished-at="2022-10-14T10:56:17 IST" duration-ms="26005">
    <groups>
    </groups>
    <test started-at="2022-10-14T10:55:51 IST" name="Default test" finished-at="2022-10-14T10:56:17 IST" duration-ms="26005">
      <class name="MR.Beast.dEMO1">
        <test-method is-config="true" signature="openTheBrowser(java.lang.String)[pri:0, instance:MR.Beast.dEMO1@3f6b0be5]" started-at="2022-10-14T10:55:51 IST" name="openTheBrowser" finished-at="2022-10-14T10:56:03 IST" duration-ms="11721" status="PASS">
          <params>
            <param index="0">
              <value>
                <![CDATA[chrome]]>
              </value>
            </param>
          </params>
          <reporter-output>
            <line>
              <![CDATA[Successfully Launched Chrome Browser]]>
            </line>
            <line>
              <![CDATA[Enter valid Browser name]]>
            </line>
            <line>
              <![CDATA[Browser window is maximized successfully]]>
            </line>
          </reporter-output>
        </test-method> <!-- openTheBrowser -->
        <test-method is-config="true" signature="navigateToApplication()[pri:0, instance:MR.Beast.dEMO1@3f6b0be5]" started-at="2022-10-14T10:56:03 IST" name="navigateToApplication" finished-at="2022-10-14T10:56:04 IST" duration-ms="1577" status="PASS">
          <reporter-output>
          </reporter-output>
        </test-method> <!-- navigateToApplication -->
        <test-method signature="sample()[pri:0, instance:MR.Beast.dEMO1@3f6b0be5]" started-at="2022-10-14T10:56:04 IST" name="sample" finished-at="2022-10-14T10:56:17 IST" duration-ms="12650" status="PASS">
          <reporter-output>
          </reporter-output>
        </test-method> <!-- sample -->
        <test-method is-config="true" signature="closeTheBrowser()[pri:0, instance:MR.Beast.dEMO1@3f6b0be5]" started-at="2022-10-14T10:56:17 IST" name="closeTheBrowser" finished-at="2022-10-14T10:56:17 IST" duration-ms="0" status="PASS">
          <reporter-output>
          </reporter-output>
        </test-method> <!-- closeTheBrowser -->
      </class> <!-- MR.Beast.dEMO1 -->
    </test> <!-- Default test -->
  </suite> <!-- Default suite -->
</testng-results>
